<?xml version="1.0" encoding="UTF-8"?>
<!-- Generated by org.testng.reporters.JUnitReportReporter -->
<testsuite hostname="Ashwins-MacBook-Air.local" failures="1" tests="4" name="org.rahulshettyacademy.com.IOSBasics" time="29.469" errors="0" timestamp="17 Jul 2024 11:28:31 GMT" skipped="0">
  <testcase classname="org.rahulshettyacademy.com.IOSBasics" name="IOSScroll" time="2.940">
    <failure message="expected:&lt;100&gt; but was:&lt;1001&gt;" type="java.lang.AssertionError">
      <![CDATA[java.lang.AssertionError: expected:<100> but was:<1001>
at org.testng.AssertJUnit.assertEquals(AssertJUnit.java:101)
at org.testng.AssertJUnit.assertEquals(AssertJUnit.java:108)
at org.rahulshettyacademy.com.IOSBasics.IOSScroll(IOSBasics.java:39)
at java.base/jdk.internal.reflect.DirectMethodHandleAccessor.invoke(DirectMethodHandleAccessor.java:103)
at java.base/java.lang.reflect.Method.invoke(Method.java:580)
at org.testng.internal.MethodInvocationHelper.invokeMethod(MethodInvocationHelper.java:124)
at org.testng.internal.Invoker.invokeMethod(Invoker.java:580)
at org.testng.internal.Invoker.invokeTestMethod(Invoker.java:716)
at org.testng.internal.Invoker.invokeTestMethods(Invoker.java:988)
at org.testng.internal.TestMethodWorker.invokeTestMethods(TestMethodWorker.java:125)
at org.testng.internal.TestMethodWorker.run(TestMethodWorker.java:109)
at org.testng.TestRunner.privateRun(TestRunner.java:648)
at org.testng.TestRunner.run(TestRunner.java:505)
at org.testng.SuiteRunner.runTest(SuiteRunner.java:455)
at org.testng.SuiteRunner.runSequentially(SuiteRunner.java:450)
at org.testng.SuiteRunner.privateRun(SuiteRunner.java:415)
at org.testng.SuiteRunner.run(SuiteRunner.java:364)
at org.testng.SuiteRunnerWorker.runSuite(SuiteRunnerWorker.java:52)
at org.testng.SuiteRunnerWorker.run(SuiteRunnerWorker.java:84)
at org.testng.TestNG.runSuitesSequentially(TestNG.java:1208)
at org.testng.TestNG.runSuitesLocally(TestNG.java:1137)
at org.testng.TestNG.runSuites(TestNG.java:1049)
at org.testng.TestNG.run(TestNG.java:1017)
at org.testng.remote.AbstractRemoteTestNG.run(AbstractRemoteTestNG.java:115)
at org.testng.remote.RemoteTestNG.initAndRun(RemoteTestNG.java:293)
at org.testng.remote.RemoteTestNG.main(RemoteTestNG.java:91)
]]>
    </failure>
  </testcase> <!-- IOSScroll -->
  <testcase classname="org.rahulshettyacademy.com.IOSBasics" name="IOSScrollDown" time="12.132"/>
  <testcase classname="org.rahulshettyacademy.com.IOSBasics" name="IOSLongPress" time="7.812"/>
  <testcase classname="org.rahulshettyacademy.com.IOSBasics" name="IOSBasicTest" time="6.585"/>
</testsuite> <!-- org.rahulshettyacademy.com.IOSBasics -->
